$ curtime system detectó nginx, se colgó, comenzando ...
$ curtime inicio nginx completado
El sistema $ curtime detectó que svn ha sido colgado, comenzando ...
$ curtime svn start complete
$ curtime system detectó que ZenTao ha sido colgado y está comenzando ...
$ curtime Zen Tao start complete
$ curtime system detectó nginx, se colgó, comenzando ...
$ curtime inicio nginx completado
El sistema $ curtime detectó que svn ha sido colgado, comenzando ...
$ curtime svn start complete
$ curtime system detectó que ZenTao ha sido colgado y está comenzando ...
$ curtime Zen Tao start complete
$ curtime system detectó nginx, se colgó, comenzando ...
$ curtime inicio nginx completado
El sistema $ curtime detectó que svn ha sido colgado, comenzando ...
$ curtime svn start complete
$ curtime system detectó que ZenTao ha sido colgado y está comenzando ...
$ curtime Zen Tao start complete
$ curtime system detectó nginx, se colgó, comenzando ...
$ curtime inicio nginx completado
El sistema $ curtime detectó que svn ha sido colgado, comenzando ...
$ curtime svn start complete
$ curtime system detectó que ZenTao ha sido colgado y está comenzando ...
$ curtime Zen Tao start complete
